<?xml version="1.0"?>
<!DOCTYPE coverage SYSTEM "http://cobertura.sourceforge.net/xml/coverage-04.dtd">

<coverage line-rate="0.7230392156862745" branch-rate="0.6347826086956522" lines-covered="295" lines-valid="408" branches-covered="73" branches-valid="115" complexity="1.6910569105691058" version="1.9.4.1" timestamp="1335044894544">
	<sources>
		<source>/home/philw/projects/spring/spring-test-dbunit/code/spring-test-dbunit/spring-test-dbunit/src/main/java</source>
		<source>--source</source>
	</sources>
	<packages>
		<package name="com.github.springtestdbunit" line-rate="0.9090909090909091" branch-rate="0.7411764705882353" complexity="1.9253731343283582">
			<classes>
				<class name="com.github.springtestdbunit.DbUnitRule" filename="com/github/springtestdbunit/DbUnitRule.java" line-rate="1.0" branch-rate="1.0" complexity="1.9">
					<methods>
						<method name="&lt;clinit&gt;" signature="()V" line-rate="1.0" branch-rate="1.0">
							<lines>
								<line number="56" hits="5" branch="false"/>
								<line number="58" hits="5" branch="false"/>
							</lines>
						</method>
						<method name="&lt;init&gt;" signature="()V" line-rate="1.0" branch-rate="1.0">
							<lines>
								<line number="189" hits="280" branch="false"/>
							</lines>
						</method>
						<method name="access$000" signature="(Ljava/lang/Class;)Lcom/github/springtestdbunit/DbUnitRule$TestClassFields;" line-rate="1.0" branch-rate="1.0">
							<lines>
							</lines>
						</method>
						<method name="access$100" signature="(Lcom/github/springtestdbunit/DbUnitRule;)Lorg/dbunit/database/IDatabaseConnection;" line-rate="1.0" branch-rate="1.0">
							<lines>
							</lines>
						</method>
						<method name="access$102" signature="(Lcom/github/springtestdbunit/DbUnitRule;Lorg/dbunit/database/IDatabaseConnection;)Lorg/dbunit/database/IDatabaseConnection;" line-rate="1.0" branch-rate="1.0">
							<lines>
							</lines>
						</method>
						<method name="access$200" signature="(Lcom/github/springtestdbunit/DbUnitRule;)Lcom/github/springtestdbunit/dataset/DataSetLoader;" line-rate="1.0" branch-rate="1.0">
							<lines>
							</lines>
						</method>
						<method name="access$202" signature="(Lcom/github/springtestdbunit/DbUnitRule;Lcom/github/springtestdbunit/dataset/DataSetLoader;)Lcom/github/springtestdbunit/dataset/DataSetLoader;" line-rate="1.0" branch-rate="1.0">
							<lines>
							</lines>
						</method>
						<method name="access$300" signature="()Lcom/github/springtestdbunit/DbUnitRunner;" line-rate="1.0" branch-rate="1.0">
							<lines>
								<line number="54" hits="2540" branch="false"/>
							</lines>
						</method>
						<method name="apply" signature="(Lorg/junit/runners/model/Statement;Lorg/junit/runners/model/FrameworkMethod;Ljava/lang/Object;)Lorg/junit/runners/model/Statement;" line-rate="1.0" branch-rate="1.0">
							<lines>
								<line number="65" hits="115" branch="false"/>
								<line number="66" hits="115" branch="false"/>
							</lines>
						</method>
						<method name="getTestClassFields" signature="(Ljava/lang/Class;)Lcom/github/springtestdbunit/DbUnitRule$TestClassFields;" line-rate="1.0" branch-rate="1.0">
							<lines>
								<line number="96" hits="520" branch="false"/>
								<line number="97" hits="520" branch="true" condition-coverage="100% (2/2)">
									<conditions>
										<condition number="0" type="jump" coverage="100%"/>
									</conditions>
								</line>
								<line number="98" hits="135" branch="false"/>
								<line number="99" hits="135" branch="false"/>
								<line number="101" hits="520" branch="false"/>
							</lines>
						</method>
						<method name="setDataSetLoader" signature="(Lcom/github/springtestdbunit/dataset/DataSetLoader;)V" line-rate="1.0" branch-rate="1.0">
							<lines>
								<line number="92" hits="5" branch="false"/>
								<line number="93" hits="5" branch="false"/>
							</lines>
						</method>
						<method name="setDataSource" signature="(Ljavax/sql/DataSource;)V" line-rate="1.0" branch-rate="1.0">
							<lines>
								<line number="75" hits="5" branch="false"/>
								<line number="76" hits="5" branch="false"/>
							</lines>
						</method>
						<method name="setDatabaseConnection" signature="(Lorg/dbunit/database/IDatabaseConnection;)V" line-rate="1.0" branch-rate="1.0">
							<lines>
								<line number="84" hits="5" branch="false"/>
								<line number="85" hits="5" branch="false"/>
							</lines>
						</method>
					</methods>
					<lines>
						<line number="54" hits="2540" branch="false"/>
						<line number="56" hits="5" branch="false"/>
						<line number="58" hits="5" branch="false"/>
						<line number="65" hits="115" branch="false"/>
						<line number="66" hits="115" branch="false"/>
						<line number="75" hits="5" branch="false"/>
						<line number="76" hits="5" branch="false"/>
						<line number="84" hits="5" branch="false"/>
						<line number="85" hits="5" branch="false"/>
						<line number="92" hits="5" branch="false"/>
						<line number="93" hits="5" branch="false"/>
						<line number="96" hits="520" branch="false"/>
						<line number="97" hits="520" branch="true" condition-coverage="100% (2/2)">
							<conditions>
								<condition number="0" type="jump" coverage="100%"/>
							</conditions>
						</line>
						<line number="98" hits="135" branch="false"/>
						<line number="99" hits="135" branch="false"/>
						<line number="101" hits="520" branch="false"/>
						<line number="189" hits="280" branch="false"/>
					</lines>
				</class>
				<class name="com.github.springtestdbunit.DbUnitRule$DbUnitStatement" filename="com/github/springtestdbunit/DbUnitRule.java" line-rate="0.8181818181818182" branch-rate="1.0" complexity="1.9">
					<methods>
						<method name="&lt;init&gt;" signature="(Lcom/github/springtestdbunit/DbUnitRule;Lcom/github/springtestdbunit/DbUnitRule$DbUnitTestContextAdapter;Lorg/junit/runners/model/Statement;)V" line-rate="1.0" branch-rate="1.0">
							<lines>
								<line number="172" hits="115" branch="false"/>
								<line number="173" hits="115" branch="false"/>
								<line number="174" hits="115" branch="false"/>
								<line number="175" hits="115" branch="false"/>
							</lines>
						</method>
						<method name="evaluate" signature="()V" line-rate="0.7142857142857143" branch-rate="1.0">
							<lines>
								<line number="179" hits="115" branch="false"/>
								<line number="181" hits="115" branch="false"/>
								<line number="182" hits="0" branch="false"/>
								<line number="183" hits="0" branch="false"/>
								<line number="184" hits="115" branch="false"/>
								<line number="185" hits="115" branch="false"/>
								<line number="186" hits="105" branch="false"/>
							</lines>
						</method>
					</methods>
					<lines>
						<line number="172" hits="115" branch="false"/>
						<line number="173" hits="115" branch="false"/>
						<line number="174" hits="115" branch="false"/>
						<line number="175" hits="115" branch="false"/>
						<line number="179" hits="115" branch="false"/>
						<line number="181" hits="115" branch="false"/>
						<line number="182" hits="0" branch="false"/>
						<line number="183" hits="0" branch="false"/>
						<line number="184" hits="115" branch="false"/>
						<line number="185" hits="115" branch="false"/>
						<line number="186" hits="105" branch="false"/>
					</lines>
				</class>
				<class name="com.github.springtestdbunit.DbUnitRule$DbUnitTestContextAdapter" filename="com/github/springtestdbunit/DbUnitRule.java" line-rate="0.9130434782608695" branch-rate="1.0" complexity="1.9">
					<methods>
						<method name="&lt;init&gt;" signature="(Lcom/github/springtestdbunit/DbUnitRule;Lorg/junit/runners/model/FrameworkMethod;Ljava/lang/Object;)V" line-rate="1.0" branch-rate="1.0">
							<lines>
								<line number="110" hits="165" branch="false"/>
								<line number="111" hits="165" branch="false"/>
								<line number="112" hits="165" branch="false"/>
								<line number="113" hits="165" branch="false"/>
							</lines>
						</method>
						<method name="getConnection" signature="()Lorg/dbunit/database/IDatabaseConnection;" line-rate="1.0" branch-rate="1.0">
							<lines>
								<line number="124" hits="480" branch="true" condition-coverage="100% (2/2)">
									<conditions>
										<condition number="0" type="jump" coverage="100%"/>
									</conditions>
								</line>
								<line number="125" hits="135" branch="true" condition-coverage="100% (2/2)">
									<conditions>
										<condition number="0" type="jump" coverage="100%"/>
									</conditions>
								</line>
								<line number="126" hits="5" branch="false"/>
								<line number="127" hits="130" branch="true" condition-coverage="100% (2/2)">
									<conditions>
										<condition number="0" type="jump" coverage="100%"/>
									</conditions>
								</line>
								<line number="128" hits="120" branch="false"/>
								<line number="131" hits="5" branch="false"/>
								<line number="136" hits="470" branch="false"/>
							</lines>
						</method>
						<method name="getDataSetLoader" signature="()Lcom/github/springtestdbunit/dataset/DataSetLoader;" line-rate="1.0" branch-rate="1.0">
							<lines>
								<line number="140" hits="155" branch="true" condition-coverage="100% (2/2)">
									<conditions>
										<condition number="0" type="jump" coverage="100%"/>
									</conditions>
								</line>
								<line number="141" hits="125" branch="true" condition-coverage="100% (2/2)">
									<conditions>
										<condition number="0" type="jump" coverage="100%"/>
									</conditions>
								</line>
								<line number="142" hits="5" branch="false"/>
								<line number="144" hits="120" branch="false"/>
								<line number="147" hits="155" branch="false"/>
							</lines>
						</method>
						<method name="getField" signature="(Ljava/lang/Class;)Ljava/lang/Object;" line-rate="1.0" branch-rate="1.0">
							<lines>
								<line number="120" hits="520" branch="false"/>
							</lines>
						</method>
						<method name="getTestClass" signature="()Ljava/lang/Class;" line-rate="1.0" branch-rate="1.0">
							<lines>
								<line number="151" hits="995" branch="false"/>
							</lines>
						</method>
						<method name="getTestException" signature="()Ljava/lang/Throwable;" line-rate="1.0" branch-rate="1.0">
							<lines>
								<line number="159" hits="115" branch="false"/>
							</lines>
						</method>
						<method name="getTestMethod" signature="()Ljava/lang/reflect/Method;" line-rate="1.0" branch-rate="1.0">
							<lines>
								<line number="155" hits="340" branch="false"/>
							</lines>
						</method>
						<method name="hasField" signature="(Ljava/lang/Class;)Z" line-rate="1.0" branch-rate="1.0">
							<lines>
								<line number="116" hits="390" branch="true" condition-coverage="100% (2/2)">
									<conditions>
										<condition number="0" type="jump" coverage="100%"/>
									</conditions>
								</line>
							</lines>
						</method>
						<method name="setTestException" signature="(Ljava/lang/Throwable;)V" line-rate="0.0" branch-rate="1.0">
							<lines>
								<line number="163" hits="0" branch="false"/>
								<line number="164" hits="0" branch="false"/>
							</lines>
						</method>
					</methods>
					<lines>
						<line number="110" hits="165" branch="false"/>
						<line number="111" hits="165" branch="false"/>
						<line number="112" hits="165" branch="false"/>
						<line number="113" hits="165" branch="false"/>
						<line number="116" hits="390" branch="true" condition-coverage="100% (2/2)">
							<conditions>
								<condition number="0" type="jump" coverage="100%"/>
							</conditions>
						</line>
						<line number="120" hits="520" branch="false"/>
						<line number="124" hits="480" branch="true" condition-coverage="100% (2/2)">
							<conditions>
								<condition number="0" type="jump" coverage="100%"/>
							</conditions>
						</line>
						<line number="125" hits="135" branch="true" condition-coverage="100% (2/2)">
							<conditions>
								<condition number="0" type="jump" coverage="100%"/>
							</conditions>
						</line>
						<line number="126" hits="5" branch="false"/>
						<line number="127" hits="130" branch="true" condition-coverage="100% (2/2)">
							<conditions>
								<condition number="0" type="jump" coverage="100%"/>
							</conditions>
						</line>
						<line number="128" hits="120" branch="false"/>
						<line number="131" hits="5" branch="false"/>
						<line number="136" hits="470" branch="false"/>
						<line number="140" hits="155" branch="true" condition-coverage="100% (2/2)">
							<conditions>
								<condition number="0" type="jump" coverage="100%"/>
							</conditions>
						</line>
						<line number="141" hits="125" branch="true" condition-coverage="100% (2/2)">
							<conditions>
								<condition number="0" type="jump" coverage="100%"/>
							</conditions>
						</line>
						<line number="142" hits="5" branch="false"/>
						<line number="144" hits="120" branch="false"/>
						<line number="147" hits="155" branch="false"/>
						<line number="151" hits="995" branch="false"/>
						<line number="155" hits="340" branch="false"/>
						<line number="159" hits="115" branch="false"/>
						<line number="163" hits="0" branch="false"/>
						<line number="164" hits="0" branch="false"/>
					</lines>
				</class>
				<class name="com.github.springtestdbunit.DbUnitRule$TestClassFields" filename="com/github/springtestdbunit/DbUnitRule.java" line-rate="0.8823529411764706" branch-rate="1.0" complexity="1.9">
					<methods>
						<method name="&lt;init&gt;" signature="(Ljava/lang/Class;)V" line-rate="1.0" branch-rate="1.0">
							<lines>
								<line number="191" hits="135" branch="false"/>
								<line number="195" hits="135" branch="false"/>
								<line number="196" hits="135" branch="false"/>
								<line number="197" hits="135" branch="false"/>
							</lines>
						</method>
						<method name="get" signature="(Ljava/lang/Class;Ljava/lang/Object;)Ljava/lang/Object;" line-rate="0.7142857142857143" branch-rate="1.0">
							<lines>
								<line number="218" hits="520" branch="false"/>
								<line number="219" hits="520" branch="true" condition-coverage="100% (3/3)">
									<conditions>
										<condition number="0" type="switch" coverage="100%"/>
									</conditions>
								</line>
								<line number="221" hits="255" branch="false"/>
								<line number="224" hits="260" branch="false"/>
								<line number="225" hits="0" branch="false"/>
								<line number="226" hits="0" branch="false"/>
								<line number="230" hits="5" branch="false"/>
							</lines>
						</method>
						<method name="getFields" signature="(Ljava/lang/Class;)Ljava/util/Set;" line-rate="1.0" branch-rate="1.0">
							<lines>
								<line number="200" hits="520" branch="true" condition-coverage="100% (2/2)">
									<conditions>
										<condition number="0" type="jump" coverage="100%"/>
									</conditions>
								</line>
								<line number="201" hits="145" branch="false"/>
								<line number="203" hits="375" branch="false"/>
								<line number="204" hits="375" branch="false"/>
								<line number="212" hits="375" branch="false"/>
								<line number="213" hits="375" branch="false"/>
							</lines>
						</method>
					</methods>
					<lines>
						<line number="191" hits="135" branch="false"/>
						<line number="195" hits="135" branch="false"/>
						<line number="196" hits="135" branch="false"/>
						<line number="197" hits="135" branch="false"/>
						<line number="200" hits="520" branch="true" condition-coverage="100% (2/2)">
							<conditions>
								<condition number="0" type="jump" coverage="100%"/>
							</conditions>
						</line>
						<line number="201" hits="145" branch="false"/>
						<line number="203" hits="375" branch="false"/>
						<line number="204" hits="375" branch="false"/>
						<line number="212" hits="375" branch="false"/>
						<line number="213" hits="375" branch="false"/>
						<line number="218" hits="520" branch="false"/>
						<line number="219" hits="520" branch="true" condition-coverage="100% (3/3)">
							<conditions>
								<condition number="0" type="switch" coverage="100%"/>
							</conditions>
						</line>
						<line number="221" hits="255" branch="false"/>
						<line number="224" hits="260" branch="false"/>
						<line number="225" hits="0" branch="false"/>
						<line number="226" hits="0" branch="false"/>
						<line number="230" hits="5" branch="false"/>
					</lines>
				</class>
				<class name="com.github.springtestdbunit.DbUnitRule$TestClassFields$1" filename="com/github/springtestdbunit/DbUnitRule.java" line-rate="1.0" branch-rate="1.0" complexity="1.9">
					<methods>
						<method name="&lt;init&gt;" signature="(Lcom/github/springtestdbunit/DbUnitRule$TestClassFields;Ljava/lang/Class;Ljava/util/Set;)V" line-rate="1.0" branch-rate="1.0">
							<lines>
								<line number="204" hits="375" branch="false"/>
							</lines>
						</method>
						<method name="doWith" signature="(Ljava/lang/reflect/Field;)V" line-rate="1.0" branch-rate="1.0">
							<lines>
								<line number="206" hits="1030" branch="true" condition-coverage="100% (2/2)">
									<conditions>
										<condition number="0" type="jump" coverage="100%"/>
									</conditions>
								</line>
								<line number="207" hits="135" branch="false"/>
								<line number="208" hits="135" branch="false"/>
								<line number="210" hits="1030" branch="false"/>
							</lines>
						</method>
					</methods>
					<lines>
						<line number="204" hits="375" branch="false"/>
						<line number="206" hits="1030" branch="true" condition-coverage="100% (2/2)">
							<conditions>
								<condition number="0" type="jump" coverage="100%"/>
							</conditions>
						</line>
						<line number="207" hits="135" branch="false"/>
						<line number="208" hits="135" branch="false"/>
						<line number="210" hits="1030" branch="false"/>
					</lines>
				</class>
				<class name="com.github.springtestdbunit.DbUnitRunner" filename="com/github/springtestdbunit/DbUnitRunner.java" line-rate="0.8767123287671232" branch-rate="0.6176470588235294" complexity="2.8333333333333335">
					<methods>
						<method name="&lt;clinit&gt;" signature="()V" line-rate="1.0" branch-rate="1.0">
							<lines>
								<line number="49" hits="5" branch="false"/>
								<line number="53" hits="5" branch="false"/>
								<line number="54" hits="5" branch="false"/>
								<line number="55" hits="5" branch="false"/>
								<line number="56" hits="5" branch="false"/>
								<line number="57" hits="5" branch="false"/>
								<line number="58" hits="5" branch="false"/>
								<line number="59" hits="5" branch="false"/>
								<line number="60" hits="5" branch="false"/>
								<line number="61" hits="5" branch="false"/>
							</lines>
						</method>
						<method name="&lt;init&gt;" signature="()V" line-rate="1.0" branch-rate="1.0">
							<lines>
								<line number="47" hits="10" branch="false"/>
								<line number="176" hits="10" branch="false"/>
							</lines>
						</method>
						<method name="addAnnotationToList" signature="(Ljava/util/List;Ljava/lang/annotation/Annotation;)V" line-rate="1.0" branch-rate="1.0">
							<lines>
								<line number="105" hits="1370" branch="true" condition-coverage="100% (2/2)">
									<conditions>
										<condition number="0" type="jump" coverage="100%"/>
									</conditions>
								</line>
								<line number="106" hits="265" branch="false"/>
								<line number="108" hits="1370" branch="false"/>
							</lines>
						</method>
						<method name="afterTestMethod" signature="(Lcom/github/springtestdbunit/DbUnitTestContext;)V" line-rate="0.5833333333333334" branch-rate="0.0">
							<lines>
								<line number="80" hits="235" branch="false"/>
								<line number="81" hits="215" branch="false"/>
								<line number="83" hits="215" branch="false"/>
								<line number="84" hits="0" branch="false"/>
								<line number="85" hits="0" branch="true" condition-coverage="0% (0/2)">
									<conditions>
										<condition number="0" type="jump" coverage="0%"/>
									</conditions>
								</line>
								<line number="86" hits="0" branch="false"/>
								<line number="88" hits="0" branch="true" condition-coverage="0% (0/2)">
									<conditions>
										<condition number="0" type="jump" coverage="0%"/>
									</conditions>
								</line>
								<line number="89" hits="0" branch="false"/>
								<line number="91" hits="215" branch="false"/>
								<line number="93" hits="235" branch="false"/>
								<line number="94" hits="215" branch="false"/>
								<line number="95" hits="215" branch="false"/>
							</lines>
						</method>
						<method name="beforeTestMethod" signature="(Lcom/github/springtestdbunit/DbUnitTestContext;)V" line-rate="1.0" branch-rate="1.0">
							<lines>
								<line number="69" hits="235" branch="false"/>
								<line number="70" hits="235" branch="false"/>
								<line number="71" hits="235" branch="false"/>
							</lines>
						</method>
						<method name="getAnnotations" signature="(Lcom/github/springtestdbunit/DbUnitTestContext;Ljava/lang/Class;)Ljava/util/Collection;" line-rate="1.0" branch-rate="1.0">
							<lines>
								<line number="98" hits="685" branch="false"/>
								<line number="99" hits="685" branch="false"/>
								<line number="100" hits="685" branch="false"/>
								<line number="101" hits="685" branch="false"/>
							</lines>
						</method>
						<method name="getDbUnitDatabaseOperation" signature="(Lcom/github/springtestdbunit/annotation/DatabaseOperation;Lcom/github/springtestdbunit/annotation/DatabaseOperation;)Lorg/dbunit/operation/DatabaseOperation;" line-rate="1.0" branch-rate="0.8333333333333334">
							<lines>
								<line number="168" hits="240" branch="true" condition-coverage="100% (4/4)">
									<conditions>
										<condition number="0" type="jump" coverage="100%"/>
										<condition number="1" type="jump" coverage="100%"/>
									</conditions>
								</line>
								<line number="169" hits="40" branch="false"/>
								<line number="171" hits="240" branch="false"/>
								<line number="172" hits="240" branch="true" condition-coverage="50% (1/2)">
									<conditions>
										<condition number="0" type="jump" coverage="50%"/>
									</conditions>
								</line>
								<line number="173" hits="240" branch="false"/>
							</lines>
						</method>
						<method name="loadDataset" signature="(Lcom/github/springtestdbunit/DbUnitTestContext;Ljava/lang/String;)Lorg/dbunit/dataset/IDataSet;" line-rate="0.8333333333333334" branch-rate="0.5">
							<lines>
								<line number="134" hits="280" branch="false"/>
								<line number="135" hits="280" branch="true" condition-coverage="50% (1/2)">
									<conditions>
										<condition number="0" type="jump" coverage="50%"/>
									</conditions>
								</line>
								<line number="136" hits="280" branch="false"/>
								<line number="137" hits="280" branch="false"/>
								<line number="139" hits="280" branch="false"/>
								<line number="141" hits="0" branch="false"/>
							</lines>
						</method>
						<method name="setupOrTeardown" signature="(Lcom/github/springtestdbunit/DbUnitTestContext;ZLjava/util/Collection;)V" line-rate="0.9230769230769231" branch-rate="0.6">
							<lines>
								<line number="146" hits="450" branch="false"/>
								<line number="147" hits="450" branch="false"/>
								<line number="148" hits="450" branch="true" condition-coverage="100% (2/2)">
									<conditions>
										<condition number="0" type="jump" coverage="100%"/>
									</conditions>
								</line>
								<line number="149" hits="460" branch="true" condition-coverage="100% (2/2)">
									<conditions>
										<condition number="0" type="jump" coverage="100%"/>
									</conditions>
								</line>
								<line number="150" hits="240" branch="false"/>
								<line number="151" hits="240" branch="false"/>
								<line number="153" hits="240" branch="false"/>
								<line number="154" hits="240" branch="true" condition-coverage="50% (1/2)">
									<conditions>
										<condition number="0" type="jump" coverage="50%"/>
									</conditions>
								</line>
								<line number="155" hits="240" branch="true" condition-coverage="50% (1/2)">
									<conditions>
										<condition number="0" type="jump" coverage="50%"/>
									</conditions>
								</line>
								<line number="156" hits="0" branch="true" condition-coverage="0% (0/2)">
									<conditions>
										<condition number="0" type="jump" coverage="0%"/>
									</conditions>
								</line>
								<line number="159" hits="240" branch="false"/>
								<line number="160" hits="240" branch="false"/>
								<line number="164" hits="450" branch="false"/>
							</lines>
						</method>
						<method name="verifyExpected" signature="(Lcom/github/springtestdbunit/DbUnitTestContext;Ljava/util/Collection;)V" line-rate="0.8666666666666667" branch-rate="0.7">
							<lines>
								<line number="112" hits="235" branch="true" condition-coverage="100% (2/2)">
									<conditions>
										<condition number="0" type="jump" coverage="100%"/>
									</conditions>
								</line>
								<line number="113" hits="5" branch="true" condition-coverage="50% (1/2)">
									<conditions>
										<condition number="0" type="jump" coverage="50%"/>
									</conditions>
								</line>
								<line number="114" hits="0" branch="false"/>
								<line number="117" hits="5" branch="false"/>
								<line number="119" hits="230" branch="false"/>
								<line number="120" hits="230" branch="false"/>
								<line number="121" hits="230" branch="true" condition-coverage="100% (2/2)">
									<conditions>
										<condition number="0" type="jump" coverage="100%"/>
									</conditions>
								</line>
								<line number="122" hits="40" branch="false"/>
								<line number="123" hits="40" branch="true" condition-coverage="50% (1/2)">
									<conditions>
										<condition number="0" type="jump" coverage="50%"/>
									</conditions>
								</line>
								<line number="124" hits="40" branch="true" condition-coverage="50% (1/2)">
									<conditions>
										<condition number="0" type="jump" coverage="50%"/>
									</conditions>
								</line>
								<line number="125" hits="0" branch="false"/>
								<line number="127" hits="40" branch="false"/>
								<line number="128" hits="40" branch="false"/>
								<line number="130" hits="20" branch="false"/>
								<line number="131" hits="210" branch="false"/>
							</lines>
						</method>
					</methods>
					<lines>
						<line number="47" hits="10" branch="false"/>
						<line number="49" hits="5" branch="false"/>
						<line number="53" hits="5" branch="false"/>
						<line number="54" hits="5" branch="false"/>
						<line number="55" hits="5" branch="false"/>
						<line number="56" hits="5" branch="false"/>
						<line number="57" hits="5" branch="false"/>
						<line number="58" hits="5" branch="false"/>
						<line number="59" hits="5" branch="false"/>
						<line number="60" hits="5" branch="false"/>
						<line number="61" hits="5" branch="false"/>
						<line number="69" hits="235" branch="false"/>
						<line number="70" hits="235" branch="false"/>
						<line number="71" hits="235" branch="false"/>
						<line number="80" hits="235" branch="false"/>
						<line number="81" hits="215" branch="false"/>
						<line number="83" hits="215" branch="false"/>
						<line number="84" hits="0" branch="false"/>
						<line number="85" hits="0" branch="true" condition-coverage="0% (0/2)">
							<conditions>
								<condition number="0" type="jump" coverage="0%"/>
							</conditions>
						</line>
						<line number="86" hits="0" branch="false"/>
						<line number="88" hits="0" branch="true" condition-coverage="0% (0/2)">
							<conditions>
								<condition number="0" type="jump" coverage="0%"/>
							</conditions>
						</line>
						<line number="89" hits="0" branch="false"/>
						<line number="91" hits="215" branch="false"/>
						<line number="93" hits="235" branch="false"/>
						<line number="94" hits="215" branch="false"/>
						<line number="95" hits="215" branch="false"/>
						<line number="98" hits="685" branch="false"/>
						<line number="99" hits="685" branch="false"/>
						<line number="100" hits="685" branch="false"/>
						<line number="101" hits="685" branch="false"/>
						<line number="105" hits="1370" branch="true" condition-coverage="100% (2/2)">
							<conditions>
								<condition number="0" type="jump" coverage="100%"/>
							</conditions>
						</line>
						<line number="106" hits="265" branch="false"/>
						<line number="108" hits="1370" branch="false"/>
						<line number="112" hits="235" branch="true" condition-coverage="100% (2/2)">
							<conditions>
								<condition number="0" type="jump" coverage="100%"/>
							</conditions>
						</line>
						<line number="113" hits="5" branch="true" condition-coverage="50% (1/2)">
							<conditions>
								<condition number="0" type="jump" coverage="50%"/>
							</conditions>
						</line>
						<line number="114" hits="0" branch="false"/>
						<line number="117" hits="5" branch="false"/>
						<line number="119" hits="230" branch="false"/>
						<line number="120" hits="230" branch="false"/>
						<line number="121" hits="230" branch="true" condition-coverage="100% (2/2)">
							<conditions>
								<condition number="0" type="jump" coverage="100%"/>
							</conditions>
						</line>
						<line number="122" hits="40" branch="false"/>
						<line number="123" hits="40" branch="true" condition-coverage="50% (1/2)">
							<conditions>
								<condition number="0" type="jump" coverage="50%"/>
							</conditions>
						</line>
						<line number="124" hits="40" branch="true" condition-coverage="50% (1/2)">
							<conditions>
								<condition number="0" type="jump" coverage="50%"/>
							</conditions>
						</line>
						<line number="125" hits="0" branch="false"/>
						<line number="127" hits="40" branch="false"/>
						<line number="128" hits="40" branch="false"/>
						<line number="130" hits="20" branch="false"/>
						<line number="131" hits="210" branch="false"/>
						<line number="134" hits="280" branch="false"/>
						<line number="135" hits="280" branch="true" condition-coverage="50% (1/2)">
							<conditions>
								<condition number="0" type="jump" coverage="50%"/>
							</conditions>
						</line>
						<line number="136" hits="280" branch="false"/>
						<line number="137" hits="280" branch="false"/>
						<line number="139" hits="280" branch="false"/>
						<line number="141" hits="0" branch="false"/>
						<line number="146" hits="450" branch="false"/>
						<line number="147" hits="450" branch="false"/>
						<line number="148" hits="450" branch="true" condition-coverage="100% (2/2)">
							<conditions>
								<condition number="0" type="jump" coverage="100%"/>
							</conditions>
						</line>
						<line number="149" hits="460" branch="true" condition-coverage="100% (2/2)">
							<conditions>
								<condition number="0" type="jump" coverage="100%"/>
							</conditions>
						</line>
						<line number="150" hits="240" branch="false"/>
						<line number="151" hits="240" branch="false"/>
						<line number="153" hits="240" branch="false"/>
						<line number="154" hits="240" branch="true" condition-coverage="50% (1/2)">
							<conditions>
								<condition number="0" type="jump" coverage="50%"/>
							</conditions>
						</line>
						<line number="155" hits="240" branch="true" condition-coverage="50% (1/2)">
							<conditions>
								<condition number="0" type="jump" coverage="50%"/>
							</conditions>
						</line>
						<line number="156" hits="0" branch="true" condition-coverage="0% (0/2)">
							<conditions>
								<condition number="0" type="jump" coverage="0%"/>
							</conditions>
						</line>
						<line number="159" hits="240" branch="false"/>
						<line number="160" hits="240" branch="false"/>
						<line number="164" hits="450" branch="false"/>
						<line number="168" hits="240" branch="true" condition-coverage="100% (4/4)">
							<conditions>
								<condition number="0" type="jump" coverage="100%"/>
								<condition number="1" type="jump" coverage="100%"/>
							</conditions>
						</line>
						<line number="169" hits="40" branch="false"/>
						<line number="171" hits="240" branch="false"/>
						<line number="172" hits="240" branch="true" condition-coverage="50% (1/2)">
							<conditions>
								<condition number="0" type="jump" coverage="50%"/>
							</conditions>
						</line>
						<line number="173" hits="240" branch="false"/>
						<line number="176" hits="10" branch="false"/>
					</lines>
				</class>
				<class name="com.github.springtestdbunit.DbUnitRunner$AnnotationAttributes" filename="com/github/springtestdbunit/DbUnitRunner.java" line-rate="1.0" branch-rate="0.8333333333333334" complexity="2.8333333333333335">
					<methods>
						<method name="&lt;init&gt;" signature="(Ljava/lang/annotation/Annotation;)V" line-rate="1.0" branch-rate="0.75">
							<lines>
								<line number="182" hits="220" branch="false"/>
								<line number="183" hits="220" branch="true" condition-coverage="75% (3/4)">
									<conditions>
										<condition number="0" type="jump" coverage="100%"/>
										<condition number="1" type="jump" coverage="50%"/>
									</conditions>
								</line>
								<line number="185" hits="220" branch="false"/>
								<line number="186" hits="220" branch="false"/>
								<line number="187" hits="220" branch="false"/>
								<line number="188" hits="220" branch="false"/>
							</lines>
						</method>
						<method name="get" signature="(Ljava/util/Collection;)Ljava/util/Collection;" line-rate="1.0" branch-rate="1.0">
							<lines>
								<line number="199" hits="450" branch="false"/>
								<line number="200" hits="450" branch="true" condition-coverage="100% (2/2)">
									<conditions>
										<condition number="0" type="jump" coverage="100%"/>
									</conditions>
								</line>
								<line number="201" hits="220" branch="false"/>
								<line number="203" hits="450" branch="false"/>
							</lines>
						</method>
						<method name="getType" signature="()Lcom/github/springtestdbunit/annotation/DatabaseOperation;" line-rate="1.0" branch-rate="1.0">
							<lines>
								<line number="191" hits="240" branch="false"/>
							</lines>
						</method>
						<method name="getValue" signature="()[Ljava/lang/String;" line-rate="1.0" branch-rate="1.0">
							<lines>
								<line number="195" hits="220" branch="false"/>
							</lines>
						</method>
					</methods>
					<lines>
						<line number="182" hits="220" branch="false"/>
						<line number="183" hits="220" branch="true" condition-coverage="75% (3/4)">
							<conditions>
								<condition number="0" type="jump" coverage="100%"/>
								<condition number="1" type="jump" coverage="50%"/>
							</conditions>
						</line>
						<line number="185" hits="220" branch="false"/>
						<line number="186" hits="220" branch="false"/>
						<line number="187" hits="220" branch="false"/>
						<line number="188" hits="220" branch="false"/>
						<line number="191" hits="240" branch="false"/>
						<line number="195" hits="220" branch="false"/>
						<line number="199" hits="450" branch="false"/>
						<line number="200" hits="450" branch="true" condition-coverage="100% (2/2)">
							<conditions>
								<condition number="0" type="jump" coverage="100%"/>
							</conditions>
						</line>
						<line number="201" hits="220" branch="false"/>
						<line number="203" hits="450" branch="false"/>
					</lines>
				</class>
				<class name="com.github.springtestdbunit.DbUnitTestContext" filename="com/github/springtestdbunit/DbUnitTestContext.java" line-rate="1.0" branch-rate="1.0" complexity="1.0">
					<methods>
					</methods>
					<lines>
					</lines>
				</class>
				<class name="com.github.springtestdbunit.DbUnitTestExecutionListener" filename="com/github/springtestdbunit/DbUnitTestExecutionListener.java" line-rate="0.7906976744186046" branch-rate="0.5" complexity="2.0">
					<methods>
						<method name="&lt;clinit&gt;" signature="()V" line-rate="1.0" branch-rate="1.0">
							<lines>
								<line number="62" hits="5" branch="false"/>
								<line number="64" hits="5" branch="false"/>
								<line number="66" hits="5" branch="false"/>
								<line number="69" hits="5" branch="false"/>
								<line number="72" hits="5" branch="false"/>
							</lines>
						</method>
						<method name="&lt;init&gt;" signature="()V" line-rate="1.0" branch-rate="1.0">
							<lines>
								<line number="60" hits="115" branch="false"/>
								<line number="144" hits="115" branch="false"/>
							</lines>
						</method>
						<method name="afterTestMethod" signature="(Lorg/springframework/test/context/TestContext;)V" line-rate="1.0" branch-rate="1.0">
							<lines>
								<line number="141" hits="120" branch="false"/>
								<line number="142" hits="110" branch="false"/>
							</lines>
						</method>
						<method name="beforeTestMethod" signature="(Lorg/springframework/test/context/TestContext;)V" line-rate="1.0" branch-rate="1.0">
							<lines>
								<line number="136" hits="120" branch="false"/>
								<line number="137" hits="120" branch="false"/>
							</lines>
						</method>
						<method name="getDatabaseConnectionUsingCommonBeanNames" signature="(Lorg/springframework/test/context/TestContext;)Ljava/lang/String;" line-rate="0.75" branch-rate="0.75">
							<lines>
								<line number="106" hits="240" branch="true" condition-coverage="50% (1/2)">
									<conditions>
										<condition number="0" type="jump" coverage="50%"/>
									</conditions>
								</line>
								<line number="107" hits="240" branch="true" condition-coverage="100% (2/2)">
									<conditions>
										<condition number="0" type="jump" coverage="100%"/>
									</conditions>
								</line>
								<line number="108" hits="120" branch="false"/>
								<line number="111" hits="0" branch="false"/>
							</lines>
						</method>
						<method name="prepareDataSetLoader" signature="(Lorg/springframework/test/context/TestContext;Ljava/lang/Class;)V" line-rate="0.6" branch-rate="1.0">
							<lines>
								<line number="128" hits="120" branch="false"/>
								<line number="129" hits="0" branch="false"/>
								<line number="130" hits="0" branch="false"/>
								<line number="131" hits="120" branch="false"/>
								<line number="132" hits="120" branch="false"/>
							</lines>
						</method>
						<method name="prepareDatabaseConnection" signature="(Lorg/springframework/test/context/TestContext;Ljava/lang/String;)V" line-rate="1.0" branch-rate="0.5">
							<lines>
								<line number="117" hits="120" branch="false"/>
								<line number="118" hits="120" branch="true" condition-coverage="50% (1/2)">
									<conditions>
										<condition number="0" type="jump" coverage="50%"/>
									</conditions>
								</line>
								<line number="119" hits="120" branch="false"/>
								<line number="121" hits="120" branch="false"/>
								<line number="122" hits="120" branch="false"/>
								<line number="123" hits="120" branch="false"/>
							</lines>
						</method>
						<method name="prepareTestInstance" signature="(Lorg/springframework/test/context/TestContext;)V" line-rate="0.6470588235294118" branch-rate="0.4">
							<lines>
								<line number="77" hits="120" branch="true" condition-coverage="50% (1/2)">
									<conditions>
										<condition number="0" type="jump" coverage="50%"/>
									</conditions>
								</line>
								<line number="78" hits="0" branch="false"/>
								<line number="81" hits="120" branch="false"/>
								<line number="82" hits="120" branch="false"/>
								<line number="84" hits="120" branch="false"/>
								<line number="85" hits="120" branch="true" condition-coverage="50% (1/2)">
									<conditions>
										<condition number="0" type="jump" coverage="50%"/>
									</conditions>
								</line>
								<line number="86" hits="0" branch="true" condition-coverage="0% (0/2)">
									<conditions>
										<condition number="0" type="jump" coverage="0%"/>
									</conditions>
								</line>
								<line number="87" hits="0" branch="false"/>
								<line number="89" hits="0" branch="false"/>
								<line number="90" hits="0" branch="false"/>
								<line number="93" hits="120" branch="true" condition-coverage="50% (1/2)">
									<conditions>
										<condition number="0" type="jump" coverage="50%"/>
									</conditions>
								</line>
								<line number="94" hits="120" branch="false"/>
								<line number="97" hits="120" branch="true" condition-coverage="50% (1/2)">
									<conditions>
										<condition number="0" type="jump" coverage="50%"/>
									</conditions>
								</line>
								<line number="98" hits="0" branch="false"/>
								<line number="101" hits="120" branch="false"/>
								<line number="102" hits="120" branch="false"/>
								<line number="103" hits="120" branch="false"/>
							</lines>
						</method>
					</methods>
					<lines>
						<line number="60" hits="115" branch="false"/>
						<line number="62" hits="5" branch="false"/>
						<line number="64" hits="5" branch="false"/>
						<line number="66" hits="5" branch="false"/>
						<line number="69" hits="5" branch="false"/>
						<line number="72" hits="5" branch="false"/>
						<line number="77" hits="120" branch="true" condition-coverage="50% (1/2)">
							<conditions>
								<condition number="0" type="jump" coverage="50%"/>
							</conditions>
						</line>
						<line number="78" hits="0" branch="false"/>
						<line number="81" hits="120" branch="false"/>
						<line number="82" hits="120" branch="false"/>
						<line number="84" hits="120" branch="false"/>
						<line number="85" hits="120" branch="true" condition-coverage="50% (1/2)">
							<conditions>
								<condition number="0" type="jump" coverage="50%"/>
							</conditions>
						</line>
						<line number="86" hits="0" branch="true" condition-coverage="0% (0/2)">
							<conditions>
								<condition number="0" type="jump" coverage="0%"/>
							</conditions>
						</line>
						<line number="87" hits="0" branch="false"/>
						<line number="89" hits="0" branch="false"/>
						<line number="90" hits="0" branch="false"/>
						<line number="93" hits="120" branch="true" condition-coverage="50% (1/2)">
							<conditions>
								<condition number="0" type="jump" coverage="50%"/>
							</conditions>
						</line>
						<line number="94" hits="120" branch="false"/>
						<line number="97" hits="120" branch="true" condition-coverage="50% (1/2)">
							<conditions>
								<condition number="0" type="jump" coverage="50%"/>
							</conditions>
						</line>
						<line number="98" hits="0" branch="false"/>
						<line number="101" hits="120" branch="false"/>
						<line number="102" hits="120" branch="false"/>
						<line number="103" hits="120" branch="false"/>
						<line number="106" hits="240" branch="true" condition-coverage="50% (1/2)">
							<conditions>
								<condition number="0" type="jump" coverage="50%"/>
							</conditions>
						</line>
						<line number="107" hits="240" branch="true" condition-coverage="100% (2/2)">
							<conditions>
								<condition number="0" type="jump" coverage="100%"/>
							</conditions>
						</line>
						<line number="108" hits="120" branch="false"/>
						<line number="111" hits="0" branch="false"/>
						<line number="117" hits="120" branch="false"/>
						<line number="118" hits="120" branch="true" condition-coverage="50% (1/2)">
							<conditions>
								<condition number="0" type="jump" coverage="50%"/>
							</conditions>
						</line>
						<line number="119" hits="120" branch="false"/>
						<line number="121" hits="120" branch="false"/>
						<line number="122" hits="120" branch="false"/>
						<line number="123" hits="120" branch="false"/>
						<line number="128" hits="120" branch="false"/>
						<line number="129" hits="0" branch="false"/>
						<line number="130" hits="0" branch="false"/>
						<line number="131" hits="120" branch="false"/>
						<line number="132" hits="120" branch="false"/>
						<line number="136" hits="120" branch="false"/>
						<line number="137" hits="120" branch="false"/>
						<line number="141" hits="120" branch="false"/>
						<line number="142" hits="110" branch="false"/>
						<line number="144" hits="115" branch="false"/>
					</lines>
				</class>
				<class name="com.github.springtestdbunit.DbUnitTestExecutionListener$DbUnitTestContextAdapter" filename="com/github/springtestdbunit/DbUnitTestExecutionListener.java" line-rate="1.0" branch-rate="1.0" complexity="2.0">
					<methods>
						<method name="&lt;init&gt;" signature="(Lorg/springframework/test/context/TestContext;)V" line-rate="1.0" branch-rate="1.0">
							<lines>
								<line number="148" hits="240" branch="false"/>
								<line number="149" hits="240" branch="false"/>
								<line number="150" hits="240" branch="false"/>
							</lines>
						</method>
						<method name="getConnection" signature="()Lorg/dbunit/database/IDatabaseConnection;" line-rate="1.0" branch-rate="1.0">
							<lines>
								<line number="153" hits="465" branch="false"/>
							</lines>
						</method>
						<method name="getDataSetLoader" signature="()Lcom/github/springtestdbunit/dataset/DataSetLoader;" line-rate="1.0" branch-rate="1.0">
							<lines>
								<line number="157" hits="140" branch="false"/>
							</lines>
						</method>
						<method name="getTestClass" signature="()Ljava/lang/Class;" line-rate="1.0" branch-rate="1.0">
							<lines>
								<line number="161" hits="490" branch="false"/>
							</lines>
						</method>
						<method name="getTestException" signature="()Ljava/lang/Throwable;" line-rate="1.0" branch-rate="1.0">
							<lines>
								<line number="169" hits="120" branch="false"/>
							</lines>
						</method>
						<method name="getTestMethod" signature="()Ljava/lang/reflect/Method;" line-rate="1.0" branch-rate="1.0">
							<lines>
								<line number="165" hits="350" branch="false"/>
							</lines>
						</method>
					</methods>
					<lines>
						<line number="148" hits="240" branch="false"/>
						<line number="149" hits="240" branch="false"/>
						<line number="150" hits="240" branch="false"/>
						<line number="153" hits="465" branch="false"/>
						<line number="157" hits="140" branch="false"/>
						<line number="161" hits="490" branch="false"/>
						<line number="165" hits="350" branch="false"/>
						<line number="169" hits="120" branch="false"/>
					</lines>
				</class>
				<class name="com.github.springtestdbunit.TestExecutionListenerChain" filename="com/github/springtestdbunit/TestExecutionListenerChain.java" line-rate="1.0" branch-rate="1.0" complexity="1.588235294117647">
					<methods>
						<method name="&lt;init&gt;" signature="()V" line-rate="1.0" branch-rate="1.0">
							<lines>
								<line number="43" hits="160" branch="false"/>
								<line number="44" hits="160" branch="false"/>
								<line number="45" hits="155" branch="false"/>
								<line number="46" hits="155" branch="false"/>
								<line number="47" hits="155" branch="false"/>
							</lines>
						</method>
						<method name="afterTestClass" signature="(Lorg/springframework/test/context/TestContext;)V" line-rate="1.0" branch-rate="1.0">
							<lines>
								<line number="106" hits="115" branch="false"/>
								<line number="111" hits="110" branch="false"/>
							</lines>
						</method>
						<method name="afterTestMethod" signature="(Lorg/springframework/test/context/TestContext;)V" line-rate="1.0" branch-rate="1.0">
							<lines>
								<line number="98" hits="120" branch="false"/>
								<line number="103" hits="105" branch="false"/>
							</lines>
						</method>
						<method name="backwards" signature="(Lcom/github/springtestdbunit/TestExecutionListenerChain$Call;)V" line-rate="1.0" branch-rate="1.0">
							<lines>
								<line number="118" hits="235" branch="false"/>
								<line number="119" hits="215" branch="false"/>
							</lines>
						</method>
						<method name="beforeTestClass" signature="(Lorg/springframework/test/context/TestContext;)V" line-rate="1.0" branch-rate="1.0">
							<lines>
								<line number="74" hits="110" branch="false"/>
								<line number="79" hits="110" branch="false"/>
							</lines>
						</method>
						<method name="beforeTestMethod" signature="(Lorg/springframework/test/context/TestContext;)V" line-rate="1.0" branch-rate="1.0">
							<lines>
								<line number="90" hits="115" branch="false"/>
								<line number="95" hits="115" branch="false"/>
							</lines>
						</method>
						<method name="createChain" signature="()Ljava/util/List;" line-rate="1.0" branch-rate="1.0">
							<lines>
								<line number="61" hits="120" branch="false"/>
								<line number="63" hits="120" branch="false"/>
								<line number="64" hits="360" branch="true" condition-coverage="100% (2/2)">
									<conditions>
										<condition number="0" type="jump" coverage="100%"/>
									</conditions>
								</line>
								<line number="65" hits="245" branch="false"/>
								<line number="67" hits="115" branch="false"/>
								<line number="68" hits="5" branch="false"/>
								<line number="69" hits="5" branch="false"/>
							</lines>
						</method>
						<method name="forwards" signature="(Lcom/github/springtestdbunit/TestExecutionListenerChain$Call;)V" line-rate="1.0" branch-rate="1.0">
							<lines>
								<line number="114" hits="340" branch="false"/>
								<line number="115" hits="340" branch="false"/>
							</lines>
						</method>
						<method name="prepareTestInstance" signature="(Lorg/springframework/test/context/TestContext;)V" line-rate="1.0" branch-rate="1.0">
							<lines>
								<line number="82" hits="115" branch="false"/>
								<line number="87" hits="115" branch="false"/>
							</lines>
						</method>
						<method name="runChain" signature="(Ljava/util/Iterator;Lcom/github/springtestdbunit/TestExecutionListenerChain$Call;)V" line-rate="1.0" branch-rate="1.0">
							<lines>
								<line number="122" hits="575" branch="false"/>
								<line number="123" hits="1775" branch="true" condition-coverage="100% (2/2)">
									<conditions>
										<condition number="0" type="jump" coverage="100%"/>
									</conditions>
								</line>
								<line number="125" hits="1200" branch="false"/>
								<line number="126" hits="20" branch="false"/>
								<line number="127" hits="20" branch="false"/>
								<line number="128" hits="1200" branch="false"/>
								<line number="130" hits="575" branch="true" condition-coverage="100% (2/2)">
									<conditions>
										<condition number="0" type="jump" coverage="100%"/>
									</conditions>
								</line>
								<line number="131" hits="20" branch="true" condition-coverage="100% (2/2)">
									<conditions>
										<condition number="0" type="jump" coverage="100%"/>
									</conditions>
								</line>
								<line number="132" hits="5" branch="false"/>
								<line number="134" hits="15" branch="false"/>
								<line number="136" hits="555" branch="false"/>
							</lines>
						</method>
					</methods>
					<lines>
						<line number="43" hits="160" branch="false"/>
						<line number="44" hits="160" branch="false"/>
						<line number="45" hits="155" branch="false"/>
						<line number="46" hits="155" branch="false"/>
						<line number="47" hits="155" branch="false"/>
						<line number="61" hits="120" branch="false"/>
						<line number="63" hits="120" branch="false"/>
						<line number="64" hits="360" branch="true" condition-coverage="100% (2/2)">
							<conditions>
								<condition number="0" type="jump" coverage="100%"/>
							</conditions>
						</line>
						<line number="65" hits="245" branch="false"/>
						<line number="67" hits="115" branch="false"/>
						<line number="68" hits="5" branch="false"/>
						<line number="69" hits="5" branch="false"/>
						<line number="74" hits="110" branch="false"/>
						<line number="79" hits="110" branch="false"/>
						<line number="82" hits="115" branch="false"/>
						<line number="87" hits="115" branch="false"/>
						<line number="90" hits="115" branch="false"/>
						<line number="95" hits="115" branch="false"/>
						<line number="98" hits="120" branch="false"/>
						<line number="103" hits="105" branch="false"/>
						<line number="106" hits="115" branch="false"/>
						<line number="111" hits="110" branch="false"/>
						<line number="114" hits="340" branch="false"/>
						<line number="115" hits="340" branch="false"/>
						<line number="118" hits="235" branch="false"/>
						<line number="119" hits="215" branch="false"/>
						<line number="122" hits="575" branch="false"/>
						<line number="123" hits="1775" branch="true" condition-coverage="100% (2/2)">
							<conditions>
								<condition number="0" type="jump" coverage="100%"/>
							</conditions>
						</line>
						<line number="125" hits="1200" branch="false"/>
						<line number="126" hits="20" branch="false"/>
						<line number="127" hits="20" branch="false"/>
						<line number="128" hits="1200" branch="false"/>
						<line number="130" hits="575" branch="true" condition-coverage="100% (2/2)">
							<conditions>
								<condition number="0" type="jump" coverage="100%"/>
							</conditions>
						</line>
						<line number="131" hits="20" branch="true" condition-coverage="100% (2/2)">
							<conditions>
								<condition number="0" type="jump" coverage="100%"/>
							</conditions>
						</line>
						<line number="132" hits="5" branch="false"/>
						<line number="134" hits="15" branch="false"/>
						<line number="136" hits="555" branch="false"/>
					</lines>
				</class>
				<class name="com.github.springtestdbunit.TestExecutionListenerChain$1" filename="com/github/springtestdbunit/TestExecutionListenerChain.java" line-rate="1.0" branch-rate="1.0" complexity="1.588235294117647">
					<methods>
						<method name="&lt;init&gt;" signature="(Lcom/github/springtestdbunit/TestExecutionListenerChain;Lorg/springframework/test/context/TestContext;)V" line-rate="1.0" branch-rate="1.0">
							<lines>
								<line number="74" hits="110" branch="false"/>
							</lines>
						</method>
						<method name="call" signature="(Lorg/springframework/test/context/TestExecutionListener;)V" line-rate="1.0" branch-rate="1.0">
							<lines>
								<line number="76" hits="230" branch="false"/>
								<line number="77" hits="230" branch="false"/>
							</lines>
						</method>
					</methods>
					<lines>
						<line number="74" hits="110" branch="false"/>
						<line number="76" hits="230" branch="false"/>
						<line number="77" hits="230" branch="false"/>
					</lines>
				</class>
				<class name="com.github.springtestdbunit.TestExecutionListenerChain$2" filename="com/github/springtestdbunit/TestExecutionListenerChain.java" line-rate="1.0" branch-rate="1.0" complexity="1.588235294117647">
					<methods>
						<method name="&lt;init&gt;" signature="(Lcom/github/springtestdbunit/TestExecutionListenerChain;Lorg/springframework/test/context/TestContext;)V" line-rate="1.0" branch-rate="1.0">
							<lines>
								<line number="82" hits="115" branch="false"/>
							</lines>
						</method>
						<method name="call" signature="(Lorg/springframework/test/context/TestExecutionListener;)V" line-rate="1.0" branch-rate="1.0">
							<lines>
								<line number="84" hits="240" branch="false"/>
								<line number="85" hits="240" branch="false"/>
							</lines>
						</method>
					</methods>
					<lines>
						<line number="82" hits="115" branch="false"/>
						<line number="84" hits="240" branch="false"/>
						<line number="85" hits="240" branch="false"/>
					</lines>
				</class>
				<class name="com.github.springtestdbunit.TestExecutionListenerChain$3" filename="com/github/springtestdbunit/TestExecutionListenerChain.java" line-rate="1.0" branch-rate="1.0" complexity="1.588235294117647">
					<methods>
						<method name="&lt;init&gt;" signature="(Lcom/github/springtestdbunit/TestExecutionListenerChain;Lorg/springframework/test/context/TestContext;)V" line-rate="1.0" branch-rate="1.0">
							<lines>
								<line number="90" hits="115" branch="false"/>
							</lines>
						</method>
						<method name="call" signature="(Lorg/springframework/test/context/TestExecutionListener;)V" line-rate="1.0" branch-rate="1.0">
							<lines>
								<line number="92" hits="240" branch="false"/>
								<line number="93" hits="240" branch="false"/>
							</lines>
						</method>
					</methods>
					<lines>
						<line number="90" hits="115" branch="false"/>
						<line number="92" hits="240" branch="false"/>
						<line number="93" hits="240" branch="false"/>
					</lines>
				</class>
				<class name="com.github.springtestdbunit.TestExecutionListenerChain$4" filename="com/github/springtestdbunit/TestExecutionListenerChain.java" line-rate="1.0" branch-rate="1.0" complexity="1.588235294117647">
					<methods>
						<method name="&lt;init&gt;" signature="(Lcom/github/springtestdbunit/TestExecutionListenerChain;Lorg/springframework/test/context/TestContext;)V" line-rate="1.0" branch-rate="1.0">
							<lines>
								<line number="98" hits="120" branch="false"/>
							</lines>
						</method>
						<method name="call" signature="(Lorg/springframework/test/context/TestExecutionListener;)V" line-rate="1.0" branch-rate="1.0">
							<lines>
								<line number="100" hits="250" branch="false"/>
								<line number="101" hits="235" branch="false"/>
							</lines>
						</method>
					</methods>
					<lines>
						<line number="98" hits="120" branch="false"/>
						<line number="100" hits="250" branch="false"/>
						<line number="101" hits="235" branch="false"/>
					</lines>
				</class>
				<class name="com.github.springtestdbunit.TestExecutionListenerChain$5" filename="com/github/springtestdbunit/TestExecutionListenerChain.java" line-rate="1.0" branch-rate="1.0" complexity="1.588235294117647">
					<methods>
						<method name="&lt;init&gt;" signature="(Lcom/github/springtestdbunit/TestExecutionListenerChain;Lorg/springframework/test/context/TestContext;)V" line-rate="1.0" branch-rate="1.0">
							<lines>
								<line number="106" hits="115" branch="false"/>
							</lines>
						</method>
						<method name="call" signature="(Lorg/springframework/test/context/TestExecutionListener;)V" line-rate="1.0" branch-rate="1.0">
							<lines>
								<line number="108" hits="240" branch="false"/>
								<line number="109" hits="235" branch="false"/>
							</lines>
						</method>
					</methods>
					<lines>
						<line number="106" hits="115" branch="false"/>
						<line number="108" hits="240" branch="false"/>
						<line number="109" hits="235" branch="false"/>
					</lines>
				</class>
				<class name="com.github.springtestdbunit.TestExecutionListenerChain$Call" filename="com/github/springtestdbunit/TestExecutionListenerChain.java" line-rate="1.0" branch-rate="1.0" complexity="1.588235294117647">
					<methods>
					</methods>
					<lines>
					</lines>
				</class>
				<class name="com.github.springtestdbunit.TransactionDbUnitTestExecutionListener" filename="com/github/springtestdbunit/TransactionDbUnitTestExecutionListener.java" line-rate="1.0" branch-rate="1.0" complexity="1.0">
					<methods>
						<method name="&lt;clinit&gt;" signature="()V" line-rate="1.0" branch-rate="1.0">
							<lines>
								<line number="38" hits="5" branch="false"/>
							</lines>
						</method>
						<method name="&lt;init&gt;" signature="()V" line-rate="1.0" branch-rate="1.0">
							<lines>
								<line number="36" hits="95" branch="false"/>
							</lines>
						</method>
						<method name="getChain" signature="()[Ljava/lang/Class;" line-rate="1.0" branch-rate="1.0">
							<lines>
								<line number="43" hits="95" branch="false"/>
							</lines>
						</method>
					</methods>
					<lines>
						<line number="36" hits="95" branch="false"/>
						<line number="38" hits="5" branch="false"/>
						<line number="43" hits="95" branch="false"/>
					</lines>
				</class>
			</classes>
		</package>
		<package name="com.github.springtestdbunit.annotation" line-rate="1.0" branch-rate="1.0" complexity="0.0">
			<classes>
				<class name="com.github.springtestdbunit.annotation.DatabaseOperation" filename="com/github/springtestdbunit/annotation/DatabaseOperation.java" line-rate="1.0" branch-rate="1.0" complexity="0.0">
					<methods>
						<method name="&lt;clinit&gt;" signature="()V" line-rate="1.0" branch-rate="1.0">
							<lines>
								<line number="26" hits="45" branch="false"/>
								<line number="31" hits="5" branch="false"/>
								<line number="36" hits="5" branch="false"/>
								<line number="42" hits="5" branch="false"/>
								<line number="47" hits="5" branch="false"/>
								<line number="54" hits="5" branch="false"/>
								<line number="62" hits="5" branch="false"/>
								<line number="68" hits="5" branch="false"/>
							</lines>
						</method>
						<method name="&lt;init&gt;" signature="(Ljava/lang/String;I)V" line-rate="1.0" branch-rate="1.0">
							<lines>
							</lines>
						</method>
						<method name="valueOf" signature="(Ljava/lang/String;)Lcom/github/springtestdbunit/annotation/DatabaseOperation;" line-rate="1.0" branch-rate="1.0">
							<lines>
							</lines>
						</method>
						<method name="values" signature="()[Lcom/github/springtestdbunit/annotation/DatabaseOperation;" line-rate="1.0" branch-rate="1.0">
							<lines>
							</lines>
						</method>
					</methods>
					<lines>
						<line number="26" hits="45" branch="false"/>
						<line number="31" hits="5" branch="false"/>
						<line number="36" hits="5" branch="false"/>
						<line number="42" hits="5" branch="false"/>
						<line number="47" hits="5" branch="false"/>
						<line number="54" hits="5" branch="false"/>
						<line number="62" hits="5" branch="false"/>
						<line number="68" hits="5" branch="false"/>
					</lines>
				</class>
				<class name="com.github.springtestdbunit.annotation.DatabaseSetup" filename="com/github/springtestdbunit/annotation/DatabaseSetup.java" line-rate="1.0" branch-rate="1.0" complexity="0.0">
					<methods>
					</methods>
					<lines>
					</lines>
				</class>
				<class name="com.github.springtestdbunit.annotation.DatabaseTearDown" filename="com/github/springtestdbunit/annotation/DatabaseTearDown.java" line-rate="1.0" branch-rate="1.0" complexity="0.0">
					<methods>
					</methods>
					<lines>
					</lines>
				</class>
				<class name="com.github.springtestdbunit.annotation.DbUnitConfiguration" filename="com/github/springtestdbunit/annotation/DbUnitConfiguration.java" line-rate="1.0" branch-rate="1.0" complexity="0.0">
					<methods>
					</methods>
					<lines>
					</lines>
				</class>
				<class name="com.github.springtestdbunit.annotation.ExpectedDatabase" filename="com/github/springtestdbunit/annotation/ExpectedDatabase.java" line-rate="1.0" branch-rate="1.0" complexity="0.0">
					<methods>
					</methods>
					<lines>
					</lines>
				</class>
			</classes>
		</package>
		<package name="com.github.springtestdbunit.assertion" line-rate="0.9565217391304348" branch-rate="0.8333333333333334" complexity="1.5">
			<classes>
				<class name="com.github.springtestdbunit.assertion.DatabaseAssertion" filename="com/github/springtestdbunit/assertion/DatabaseAssertion.java" line-rate="1.0" branch-rate="1.0" complexity="1.0">
					<methods>
					</methods>
					<lines>
					</lines>
				</class>
				<class name="com.github.springtestdbunit.assertion.DatabaseAssertionMode" filename="com/github/springtestdbunit/assertion/DatabaseAssertionMode.java" line-rate="1.0" branch-rate="1.0" complexity="1.0">
					<methods>
						<method name="&lt;clinit&gt;" signature="()V" line-rate="1.0" branch-rate="1.0">
							<lines>
								<line number="25" hits="10" branch="false"/>
								<line number="30" hits="5" branch="false"/>
								<line number="42" hits="5" branch="false"/>
							</lines>
						</method>
						<method name="&lt;init&gt;" signature="(Ljava/lang/String;ILcom/github/springtestdbunit/assertion/DatabaseAssertion;)V" line-rate="1.0" branch-rate="1.0">
							<lines>
								<line number="46" hits="10" branch="false"/>
								<line number="47" hits="10" branch="false"/>
								<line number="48" hits="10" branch="false"/>
							</lines>
						</method>
						<method name="getDatabaseAssertion" signature="()Lcom/github/springtestdbunit/assertion/DatabaseAssertion;" line-rate="1.0" branch-rate="1.0">
							<lines>
								<line number="51" hits="40" branch="false"/>
							</lines>
						</method>
						<method name="valueOf" signature="(Ljava/lang/String;)Lcom/github/springtestdbunit/assertion/DatabaseAssertionMode;" line-rate="1.0" branch-rate="1.0">
							<lines>
							</lines>
						</method>
						<method name="values" signature="()[Lcom/github/springtestdbunit/assertion/DatabaseAssertionMode;" line-rate="1.0" branch-rate="1.0">
							<lines>
							</lines>
						</method>
					</methods>
					<lines>
						<line number="25" hits="10" branch="false"/>
						<line number="30" hits="5" branch="false"/>
						<line number="42" hits="5" branch="false"/>
						<line number="46" hits="10" branch="false"/>
						<line number="47" hits="10" branch="false"/>
						<line number="48" hits="10" branch="false"/>
						<line number="51" hits="40" branch="false"/>
					</lines>
				</class>
				<class name="com.github.springtestdbunit.assertion.DefaultDatabaseAssertion" filename="com/github/springtestdbunit/assertion/DefaultDatabaseAssertion.java" line-rate="0.6666666666666666" branch-rate="1.0" complexity="1.0">
					<methods>
						<method name="&lt;init&gt;" signature="()V" line-rate="1.0" branch-rate="1.0">
							<lines>
								<line number="27" hits="5" branch="false"/>
							</lines>
						</method>
						<method name="assertEquals" signature="(Lorg/dbunit/dataset/IDataSet;Lorg/dbunit/dataset/IDataSet;)V" line-rate="0.5" branch-rate="1.0">
							<lines>
								<line number="33" hits="20" branch="false"/>
								<line number="34" hits="0" branch="false"/>
							</lines>
						</method>
					</methods>
					<lines>
						<line number="27" hits="5" branch="false"/>
						<line number="33" hits="20" branch="false"/>
						<line number="34" hits="0" branch="false"/>
					</lines>
				</class>
				<class name="com.github.springtestdbunit.assertion.NonStrictDatabaseAssertion" filename="com/github/springtestdbunit/assertion/NonStrictDatabaseAssertion.java" line-rate="1.0" branch-rate="0.8333333333333334" complexity="2.5">
					<methods>
						<method name="&lt;init&gt;" signature="()V" line-rate="1.0" branch-rate="1.0">
							<lines>
								<line number="36" hits="5" branch="false"/>
							</lines>
						</method>
						<method name="assertEquals" signature="(Lorg/dbunit/dataset/IDataSet;Lorg/dbunit/dataset/IDataSet;)V" line-rate="1.0" branch-rate="0.75">
							<lines>
								<line number="39" hits="20" branch="true" condition-coverage="50% (1/2)">
									<conditions>
										<condition number="0" type="jump" coverage="50%"/>
									</conditions>
								</line>
								<line number="40" hits="40" branch="true" condition-coverage="100% (2/2)">
									<conditions>
										<condition number="0" type="jump" coverage="100%"/>
									</conditions>
								</line>
								<line number="41" hits="20" branch="false"/>
								<line number="42" hits="20" branch="false"/>
								<line number="43" hits="20" branch="false"/>
								<line number="44" hits="20" branch="false"/>
								<line number="47" hits="20" branch="false"/>
							</lines>
						</method>
						<method name="getColumnsToIgnore" signature="(Lorg/dbunit/dataset/ITableMetaData;Lorg/dbunit/dataset/ITableMetaData;)[Ljava/lang/String;" line-rate="1.0" branch-rate="1.0">
							<lines>
								<line number="51" hits="20" branch="false"/>
								<line number="52" hits="20" branch="false"/>
								<line number="53" hits="40" branch="true" condition-coverage="100% (2/2)">
									<conditions>
										<condition number="0" type="jump" coverage="100%"/>
									</conditions>
								</line>
								<line number="54" hits="20" branch="false"/>
								<line number="56" hits="20" branch="false"/>
							</lines>
						</method>
					</methods>
					<lines>
						<line number="36" hits="5" branch="false"/>
						<line number="39" hits="20" branch="true" condition-coverage="50% (1/2)">
							<conditions>
								<condition number="0" type="jump" coverage="50%"/>
							</conditions>
						</line>
						<line number="40" hits="40" branch="true" condition-coverage="100% (2/2)">
							<conditions>
								<condition number="0" type="jump" coverage="100%"/>
							</conditions>
						</line>
						<line number="41" hits="20" branch="false"/>
						<line number="42" hits="20" branch="false"/>
						<line number="43" hits="20" branch="false"/>
						<line number="44" hits="20" branch="false"/>
						<line number="47" hits="20" branch="false"/>
						<line number="51" hits="20" branch="false"/>
						<line number="52" hits="20" branch="false"/>
						<line number="53" hits="40" branch="true" condition-coverage="100% (2/2)">
							<conditions>
								<condition number="0" type="jump" coverage="100%"/>
							</conditions>
						</line>
						<line number="54" hits="20" branch="false"/>
						<line number="56" hits="20" branch="false"/>
					</lines>
				</class>
			</classes>
		</package>
		<package name="com.github.springtestdbunit.bean" line-rate="0.11224489795918367" branch-rate="0.15" complexity="1.3636363636363635">
			<classes>
				<class name="com.github.springtestdbunit.bean.DatabaseConfigBean" filename="com/github/springtestdbunit/bean/DatabaseConfigBean.java" line-rate="0.0" branch-rate="0.0" complexity="1.2903225806451613">
					<methods>
						<method name="&lt;clinit&gt;" signature="()V" line-rate="0.0" branch-rate="1.0">
							<lines>
								<line number="41" hits="0" branch="false"/>
								<line number="42" hits="0" branch="false"/>
								<line number="43" hits="0" branch="false"/>
								<line number="45" hits="0" branch="false"/>
							</lines>
						</method>
						<method name="&lt;init&gt;" signature="()V" line-rate="0.0" branch-rate="1.0">
							<lines>
								<line number="37" hits="0" branch="false"/>
								<line number="47" hits="0" branch="false"/>
							</lines>
						</method>
						<method name="apply" signature="(Lorg/dbunit/database/DatabaseConfig;)V" line-rate="0.0" branch-rate="0.0">
							<lines>
								<line number="342" hits="0" branch="true" condition-coverage="0% (0/2)">
									<conditions>
										<condition number="0" type="jump" coverage="0%"/>
									</conditions>
								</line>
								<line number="343" hits="0" branch="false"/>
								<line number="344" hits="0" branch="false"/>
								<line number="345" hits="0" branch="true" condition-coverage="0% (0/6)">
									<conditions>
										<condition number="0" type="jump" coverage="0%"/>
										<condition number="1" type="jump" coverage="0%"/>
										<condition number="2" type="jump" coverage="0%"/>
									</conditions>
								</line>
								<line number="346" hits="0" branch="false"/>
								<line number="349" hits="0" branch="false"/>
							</lines>
						</method>
						<method name="getBatchSize" signature="()Ljava/lang/Integer;" line-rate="0.0" branch-rate="1.0">
							<lines>
								<line number="164" hits="0" branch="false"/>
							</lines>
						</method>
						<method name="getBatchedStatements" signature="()Ljava/lang/Boolean;" line-rate="0.0" branch-rate="1.0">
							<lines>
								<line number="255" hits="0" branch="false"/>
							</lines>
						</method>
						<method name="getCaseSensitiveTableNames" signature="()Ljava/lang/Boolean;" line-rate="0.0" branch-rate="1.0">
							<lines>
								<line number="218" hits="0" branch="false"/>
							</lines>
						</method>
						<method name="getDatatypeFactory" signature="()Lorg/dbunit/dataset/datatype/IDataTypeFactory;" line-rate="0.0" branch-rate="1.0">
							<lines>
								<line number="92" hits="0" branch="false"/>
							</lines>
						</method>
						<method name="getDatatypeWarning" signature="()Ljava/lang/Boolean;" line-rate="0.0" branch-rate="1.0">
							<lines>
								<line number="273" hits="0" branch="false"/>
							</lines>
						</method>
						<method name="getEscapePattern" signature="()Ljava/lang/String;" line-rate="0.0" branch-rate="1.0">
							<lines>
								<line number="110" hits="0" branch="false"/>
							</lines>
						</method>
						<method name="getFetchSize" signature="()Ljava/lang/Integer;" line-rate="0.0" branch-rate="1.0">
							<lines>
								<line number="182" hits="0" branch="false"/>
							</lines>
						</method>
						<method name="getMetadataHandler" signature="()Lorg/dbunit/database/IMetadataHandler;" line-rate="0.0" branch-rate="1.0">
							<lines>
								<line number="200" hits="0" branch="false"/>
							</lines>
						</method>
						<method name="getPrimaryKeyFilter" signature="()Lorg/dbunit/dataset/filter/IColumnFilter;" line-rate="0.0" branch-rate="1.0">
							<lines>
								<line number="146" hits="0" branch="false"/>
							</lines>
						</method>
						<method name="getProperty" signature="(Ljava/lang/String;Ljava/lang/String;)Ljava/lang/Object;" line-rate="0.0" branch-rate="1.0">
							<lines>
								<line number="312" hits="0" branch="false"/>
								<line number="313" hits="0" branch="false"/>
								<line number="314" hits="0" branch="false"/>
							</lines>
						</method>
						<method name="getQualifiedTableNames" signature="()Ljava/lang/Boolean;" line-rate="0.0" branch-rate="1.0">
							<lines>
								<line number="237" hits="0" branch="false"/>
							</lines>
						</method>
						<method name="getResultsetTableFactory" signature="()Lorg/dbunit/database/IResultSetTableFactory;" line-rate="0.0" branch-rate="1.0">
							<lines>
								<line number="73" hits="0" branch="false"/>
							</lines>
						</method>
						<method name="getSkipOracleRecyclebinTables" signature="()Ljava/lang/Boolean;" line-rate="0.0" branch-rate="1.0">
							<lines>
								<line number="291" hits="0" branch="false"/>
							</lines>
						</method>
						<method name="getStatementFactory" signature="()Lorg/dbunit/database/statement/IStatementFactory;" line-rate="0.0" branch-rate="1.0">
							<lines>
								<line number="55" hits="0" branch="false"/>
							</lines>
						</method>
						<method name="getTableType" signature="()[Ljava/lang/String;" line-rate="0.0" branch-rate="1.0">
							<lines>
								<line number="128" hits="0" branch="false"/>
							</lines>
						</method>
						<method name="setBatchSize" signature="(Ljava/lang/Integer;)V" line-rate="0.0" branch-rate="1.0">
							<lines>
								<line number="173" hits="0" branch="false"/>
								<line number="174" hits="0" branch="false"/>
							</lines>
						</method>
						<method name="setBatchedStatements" signature="(Ljava/lang/Boolean;)V" line-rate="0.0" branch-rate="1.0">
							<lines>
								<line number="264" hits="0" branch="false"/>
								<line number="265" hits="0" branch="false"/>
							</lines>
						</method>
						<method name="setCaseSensitiveTableNames" signature="(Ljava/lang/Boolean;)V" line-rate="0.0" branch-rate="1.0">
							<lines>
								<line number="227" hits="0" branch="false"/>
								<line number="229" hits="0" branch="false"/>
							</lines>
						</method>
						<method name="setDatatypeFactory" signature="(Lorg/dbunit/dataset/datatype/IDataTypeFactory;)V" line-rate="0.0" branch-rate="1.0">
							<lines>
								<line number="101" hits="0" branch="false"/>
								<line number="102" hits="0" branch="false"/>
							</lines>
						</method>
						<method name="setDatatypeWarning" signature="(Ljava/lang/Boolean;)V" line-rate="0.0" branch-rate="1.0">
							<lines>
								<line number="282" hits="0" branch="false"/>
								<line number="283" hits="0" branch="false"/>
							</lines>
						</method>
						<method name="setEscapePattern" signature="(Ljava/lang/String;)V" line-rate="0.0" branch-rate="1.0">
							<lines>
								<line number="119" hits="0" branch="false"/>
								<line number="120" hits="0" branch="false"/>
							</lines>
						</method>
						<method name="setFetchSize" signature="(Ljava/lang/Integer;)V" line-rate="0.0" branch-rate="1.0">
							<lines>
								<line number="191" hits="0" branch="false"/>
								<line number="192" hits="0" branch="false"/>
							</lines>
						</method>
						<method name="setMetadataHandler" signature="(Lorg/dbunit/database/IMetadataHandler;)V" line-rate="0.0" branch-rate="1.0">
							<lines>
								<line number="209" hits="0" branch="false"/>
								<line number="210" hits="0" branch="false"/>
							</lines>
						</method>
						<method name="setPrimaryKeyFilter" signature="(Lorg/dbunit/dataset/filter/IColumnFilter;)V" line-rate="0.0" branch-rate="1.0">
							<lines>
								<line number="155" hits="0" branch="false"/>
								<line number="156" hits="0" branch="false"/>
							</lines>
						</method>
						<method name="setProperty" signature="(Ljava/lang/String;Ljava/lang/String;Ljava/lang/Object;)V" line-rate="0.0" branch-rate="0.0">
							<lines>
								<line number="325" hits="0" branch="false"/>
								<line number="326" hits="0" branch="true" condition-coverage="0% (0/2)">
									<conditions>
										<condition number="0" type="jump" coverage="0%"/>
									</conditions>
								</line>
								<line number="328" hits="0" branch="true" condition-coverage="0% (0/2)">
									<conditions>
										<condition number="0" type="jump" coverage="0%"/>
									</conditions>
								</line>
								<line number="329" hits="0" branch="false"/>
								<line number="331" hits="0" branch="true" condition-coverage="0% (0/2)">
									<conditions>
										<condition number="0" type="jump" coverage="0%"/>
									</conditions>
								</line>
								<line number="332" hits="0" branch="false"/>
								<line number="334" hits="0" branch="false"/>
								<line number="335" hits="0" branch="false"/>
							</lines>
						</method>
						<method name="setQualifiedTableNames" signature="(Ljava/lang/Boolean;)V" line-rate="0.0" branch-rate="1.0">
							<lines>
								<line number="246" hits="0" branch="false"/>
								<line number="247" hits="0" branch="false"/>
							</lines>
						</method>
						<method name="setResultsetTableFactory" signature="(Lorg/dbunit/database/IResultSetTableFactory;)V" line-rate="0.0" branch-rate="1.0">
							<lines>
								<line number="83" hits="0" branch="false"/>
								<line number="84" hits="0" branch="false"/>
							</lines>
						</method>
						<method name="setSkipOracleRecyclebinTables" signature="(Ljava/lang/Boolean;)V" line-rate="0.0" branch-rate="1.0">
							<lines>
								<line number="300" hits="0" branch="false"/>
								<line number="302" hits="0" branch="false"/>
							</lines>
						</method>
						<method name="setStatementFactory" signature="(Lorg/dbunit/database/statement/IStatementFactory;)V" line-rate="0.0" branch-rate="1.0">
							<lines>
								<line number="64" hits="0" branch="false"/>
								<line number="65" hits="0" branch="false"/>
							</lines>
						</method>
						<method name="setTableType" signature="([Ljava/lang/String;)V" line-rate="0.0" branch-rate="1.0">
							<lines>
								<line number="137" hits="0" branch="false"/>
								<line number="138" hits="0" branch="false"/>
							</lines>
						</method>
					</methods>
					<lines>
						<line number="37" hits="0" branch="false"/>
						<line number="41" hits="0" branch="false"/>
						<line number="42" hits="0" branch="false"/>
						<line number="43" hits="0" branch="false"/>
						<line number="45" hits="0" branch="false"/>
						<line number="47" hits="0" branch="false"/>
						<line number="55" hits="0" branch="false"/>
						<line number="64" hits="0" branch="false"/>
						<line number="65" hits="0" branch="false"/>
						<line number="73" hits="0" branch="false"/>
						<line number="83" hits="0" branch="false"/>
						<line number="84" hits="0" branch="false"/>
						<line number="92" hits="0" branch="false"/>
						<line number="101" hits="0" branch="false"/>
						<line number="102" hits="0" branch="false"/>
						<line number="110" hits="0" branch="false"/>
						<line number="119" hits="0" branch="false"/>
						<line number="120" hits="0" branch="false"/>
						<line number="128" hits="0" branch="false"/>
						<line number="137" hits="0" branch="false"/>
						<line number="138" hits="0" branch="false"/>
						<line number="146" hits="0" branch="false"/>
						<line number="155" hits="0" branch="false"/>
						<line number="156" hits="0" branch="false"/>
						<line number="164" hits="0" branch="false"/>
						<line number="173" hits="0" branch="false"/>
						<line number="174" hits="0" branch="false"/>
						<line number="182" hits="0" branch="false"/>
						<line number="191" hits="0" branch="false"/>
						<line number="192" hits="0" branch="false"/>
						<line number="200" hits="0" branch="false"/>
						<line number="209" hits="0" branch="false"/>
						<line number="210" hits="0" branch="false"/>
						<line number="218" hits="0" branch="false"/>
						<line number="227" hits="0" branch="false"/>
						<line number="229" hits="0" branch="false"/>
						<line number="237" hits="0" branch="false"/>
						<line number="246" hits="0" branch="false"/>
						<line number="247" hits="0" branch="false"/>
						<line number="255" hits="0" branch="false"/>
						<line number="264" hits="0" branch="false"/>
						<line number="265" hits="0" branch="false"/>
						<line number="273" hits="0" branch="false"/>
						<line number="282" hits="0" branch="false"/>
						<line number="283" hits="0" branch="false"/>
						<line number="291" hits="0" branch="false"/>
						<line number="300" hits="0" branch="false"/>
						<line number="302" hits="0" branch="false"/>
						<line number="312" hits="0" branch="false"/>
						<line number="313" hits="0" branch="false"/>
						<line number="314" hits="0" branch="false"/>
						<line number="325" hits="0" branch="false"/>
						<line number="326" hits="0" branch="true" condition-coverage="0% (0/2)">
							<conditions>
								<condition number="0" type="jump" coverage="0%"/>
							</conditions>
						</line>
						<line number="328" hits="0" branch="true" condition-coverage="0% (0/2)">
							<conditions>
								<condition number="0" type="jump" coverage="0%"/>
							</conditions>
						</line>
						<line number="329" hits="0" branch="false"/>
						<line number="331" hits="0" branch="true" condition-coverage="0% (0/2)">
							<conditions>
								<condition number="0" type="jump" coverage="0%"/>
							</conditions>
						</line>
						<line number="332" hits="0" branch="false"/>
						<line number="334" hits="0" branch="false"/>
						<line number="335" hits="0" branch="false"/>
						<line number="342" hits="0" branch="true" condition-coverage="0% (0/2)">
							<conditions>
								<condition number="0" type="jump" coverage="0%"/>
							</conditions>
						</line>
						<line number="343" hits="0" branch="false"/>
						<line number="344" hits="0" branch="false"/>
						<line number="345" hits="0" branch="true" condition-coverage="0% (0/6)">
							<conditions>
								<condition number="0" type="jump" coverage="0%"/>
								<condition number="1" type="jump" coverage="0%"/>
								<condition number="2" type="jump" coverage="0%"/>
							</conditions>
						</line>
						<line number="346" hits="0" branch="false"/>
						<line number="349" hits="0" branch="false"/>
					</lines>
				</class>
				<class name="com.github.springtestdbunit.bean.DatabaseDataSourceConnectionFactoryBean" filename="com/github/springtestdbunit/bean/DatabaseDataSourceConnectionFactoryBean.java" line-rate="0.3333333333333333" branch-rate="0.5" complexity="1.5384615384615385">
					<methods>
						<method name="&lt;init&gt;" signature="()V" line-rate="0.0" branch-rate="1.0">
							<lines>
								<line number="44" hits="0" branch="false"/>
								<line number="45" hits="0" branch="false"/>
							</lines>
						</method>
						<method name="&lt;init&gt;" signature="(Ljavax/sql/DataSource;)V" line-rate="1.0" branch-rate="1.0">
							<lines>
								<line number="37" hits="245" branch="false"/>
								<line number="48" hits="245" branch="false"/>
								<line number="49" hits="245" branch="false"/>
								<line number="50" hits="245" branch="false"/>
							</lines>
						</method>
						<method name="getObject" signature="()Ljava/lang/Object;" line-rate="0.0" branch-rate="1.0">
							<lines>
								<line number="34" hits="0" branch="false"/>
							</lines>
						</method>
						<method name="getObject" signature="()Lorg/dbunit/database/DatabaseDataSourceConnection;" line-rate="0.8" branch-rate="0.5">
							<lines>
								<line number="53" hits="245" branch="false"/>
								<line number="54" hits="245" branch="false"/>
								<line number="56" hits="245" branch="true" condition-coverage="50% (1/2)">
									<conditions>
										<condition number="0" type="jump" coverage="50%"/>
									</conditions>
								</line>
								<line number="57" hits="0" branch="false"/>
								<line number="59" hits="245" branch="false"/>
							</lines>
						</method>
						<method name="getObjectType" signature="()Ljava/lang/Class;" line-rate="0.0" branch-rate="1.0">
							<lines>
								<line number="70" hits="0" branch="false"/>
							</lines>
						</method>
						<method name="isSingleton" signature="()Z" line-rate="0.0" branch-rate="1.0">
							<lines>
								<line number="74" hits="0" branch="false"/>
							</lines>
						</method>
						<method name="makeTransactionAware" signature="(Ljavax/sql/DataSource;)Ljavax/sql/DataSource;" line-rate="0.6666666666666666" branch-rate="0.5">
							<lines>
								<line number="63" hits="245" branch="true" condition-coverage="50% (2/4)">
									<conditions>
										<condition number="0" type="jump" coverage="50%"/>
										<condition number="1" type="jump" coverage="50%"/>
									</conditions>
								</line>
								<line number="64" hits="0" branch="false"/>
								<line number="66" hits="245" branch="false"/>
							</lines>
						</method>
						<method name="newConnection" signature="(Ljavax/sql/DataSource;)Lorg/dbunit/database/IDatabaseConnection;" line-rate="0.3333333333333333" branch-rate="1.0">
							<lines>
								<line number="138" hits="245" branch="false"/>
								<line number="139" hits="0" branch="false"/>
								<line number="140" hits="0" branch="false"/>
							</lines>
						</method>
						<method name="setDataSource" signature="(Ljavax/sql/DataSource;)V" line-rate="0.0" branch-rate="1.0">
							<lines>
								<line number="83" hits="0" branch="false"/>
								<line number="84" hits="0" branch="false"/>
								<line number="85" hits="0" branch="false"/>
							</lines>
						</method>
						<method name="setDatabaseConfig" signature="(Lcom/github/springtestdbunit/bean/DatabaseConfigBean;)V" line-rate="0.0" branch-rate="1.0">
							<lines>
								<line number="118" hits="0" branch="false"/>
								<line number="119" hits="0" branch="false"/>
							</lines>
						</method>
						<method name="setPassword" signature="(Ljava/lang/String;)V" line-rate="0.0" branch-rate="1.0">
							<lines>
								<line number="100" hits="0" branch="false"/>
								<line number="101" hits="0" branch="false"/>
							</lines>
						</method>
						<method name="setSchema" signature="(Ljava/lang/String;)V" line-rate="0.0" branch-rate="1.0">
							<lines>
								<line number="108" hits="0" branch="false"/>
								<line number="109" hits="0" branch="false"/>
							</lines>
						</method>
						<method name="setTransactionAware" signature="(Z)V" line-rate="0.0" branch-rate="1.0">
							<lines>
								<line number="127" hits="0" branch="false"/>
								<line number="128" hits="0" branch="false"/>
							</lines>
						</method>
						<method name="setUsername" signature="(Ljava/lang/String;)V" line-rate="0.0" branch-rate="1.0">
							<lines>
								<line number="92" hits="0" branch="false"/>
								<line number="93" hits="0" branch="false"/>
							</lines>
						</method>
					</methods>
					<lines>
						<line number="34" hits="0" branch="false"/>
						<line number="37" hits="245" branch="false"/>
						<line number="44" hits="0" branch="false"/>
						<line number="45" hits="0" branch="false"/>
						<line number="48" hits="245" branch="false"/>
						<line number="49" hits="245" branch="false"/>
						<line number="50" hits="245" branch="false"/>
						<line number="53" hits="245" branch="false"/>
						<line number="54" hits="245" branch="false"/>
						<line number="56" hits="245" branch="true" condition-coverage="50% (1/2)">
							<conditions>
								<condition number="0" type="jump" coverage="50%"/>
							</conditions>
						</line>
						<line number="57" hits="0" branch="false"/>
						<line number="59" hits="245" branch="false"/>
						<line number="63" hits="245" branch="true" condition-coverage="50% (2/4)">
							<conditions>
								<condition number="0" type="jump" coverage="50%"/>
								<condition number="1" type="jump" coverage="50%"/>
							</conditions>
						</line>
						<line number="64" hits="0" branch="false"/>
						<line number="66" hits="245" branch="false"/>
						<line number="70" hits="0" branch="false"/>
						<line number="74" hits="0" branch="false"/>
						<line number="83" hits="0" branch="false"/>
						<line number="84" hits="0" branch="false"/>
						<line number="85" hits="0" branch="false"/>
						<line number="92" hits="0" branch="false"/>
						<line number="93" hits="0" branch="false"/>
						<line number="100" hits="0" branch="false"/>
						<line number="101" hits="0" branch="false"/>
						<line number="108" hits="0" branch="false"/>
						<line number="109" hits="0" branch="false"/>
						<line number="118" hits="0" branch="false"/>
						<line number="119" hits="0" branch="false"/>
						<line number="127" hits="0" branch="false"/>
						<line number="128" hits="0" branch="false"/>
						<line number="138" hits="245" branch="false"/>
						<line number="139" hits="0" branch="false"/>
						<line number="140" hits="0" branch="false"/>
					</lines>
				</class>
			</classes>
		</package>
		<package name="com.github.springtestdbunit.dataset" line-rate="0.9333333333333333" branch-rate="0.5" complexity="1.6666666666666667">
			<classes>
				<class name="com.github.springtestdbunit.dataset.AbstractDataSetLoader" filename="com/github/springtestdbunit/dataset/AbstractDataSetLoader.java" line-rate="0.9" branch-rate="0.5" complexity="1.75">
					<methods>
						<method name="&lt;init&gt;" signature="()V" line-rate="1.0" branch-rate="1.0">
							<lines>
								<line number="34" hits="240" branch="false"/>
							</lines>
						</method>
						<method name="getResourceLoader" signature="(Ljava/lang/Class;)Lorg/springframework/core/io/ResourceLoader;" line-rate="1.0" branch-rate="1.0">
							<lines>
								<line number="65" hits="280" branch="false"/>
							</lines>
						</method>
						<method name="getResourceLocations" signature="(Ljava/lang/Class;Ljava/lang/String;)[Ljava/lang/String;" line-rate="1.0" branch-rate="1.0">
							<lines>
								<line number="76" hits="280" branch="false"/>
							</lines>
						</method>
						<method name="loadDataSet" signature="(Ljava/lang/Class;Ljava/lang/String;)Lorg/dbunit/dataset/IDataSet;" line-rate="0.8571428571428571" branch-rate="0.5">
							<lines>
								<line number="48" hits="280" branch="false"/>
								<line number="49" hits="280" branch="false"/>
								<line number="50" hits="280" branch="true" condition-coverage="50% (1/2)">
									<conditions>
										<condition number="0" type="jump" coverage="50%"/>
									</conditions>
								</line>
								<line number="51" hits="280" branch="false"/>
								<line number="52" hits="280" branch="true" condition-coverage="50% (1/2)">
									<conditions>
										<condition number="0" type="jump" coverage="50%"/>
									</conditions>
								</line>
								<line number="53" hits="280" branch="false"/>
								<line number="56" hits="0" branch="false"/>
							</lines>
						</method>
					</methods>
					<lines>
						<line number="34" hits="240" branch="false"/>
						<line number="48" hits="280" branch="false"/>
						<line number="49" hits="280" branch="false"/>
						<line number="50" hits="280" branch="true" condition-coverage="50% (1/2)">
							<conditions>
								<condition number="0" type="jump" coverage="50%"/>
							</conditions>
						</line>
						<line number="51" hits="280" branch="false"/>
						<line number="52" hits="280" branch="true" condition-coverage="50% (1/2)">
							<conditions>
								<condition number="0" type="jump" coverage="50%"/>
							</conditions>
						</line>
						<line number="53" hits="280" branch="false"/>
						<line number="56" hits="0" branch="false"/>
						<line number="65" hits="280" branch="false"/>
						<line number="76" hits="280" branch="false"/>
					</lines>
				</class>
				<class name="com.github.springtestdbunit.dataset.DataSetLoader" filename="com/github/springtestdbunit/dataset/DataSetLoader.java" line-rate="1.0" branch-rate="1.0" complexity="1.0">
					<methods>
					</methods>
					<lines>
					</lines>
				</class>
				<class name="com.github.springtestdbunit.dataset.FlatXmlDataSetLoader" filename="com/github/springtestdbunit/dataset/FlatXmlDataSetLoader.java" line-rate="1.0" branch-rate="1.0" complexity="2.0">
					<methods>
						<method name="&lt;init&gt;" signature="()V" line-rate="1.0" branch-rate="1.0">
							<lines>
								<line number="30" hits="240" branch="false"/>
							</lines>
						</method>
						<method name="createDataSet" signature="(Lorg/springframework/core/io/Resource;)Lorg/dbunit/dataset/IDataSet;" line-rate="1.0" branch-rate="1.0">
							<lines>
								<line number="34" hits="280" branch="false"/>
								<line number="35" hits="280" branch="false"/>
								<line number="37" hits="280" branch="false"/>
								<line number="39" hits="280" branch="false"/>
							</lines>
						</method>
					</methods>
					<lines>
						<line number="30" hits="240" branch="false"/>
						<line number="34" hits="280" branch="false"/>
						<line number="35" hits="280" branch="false"/>
						<line number="37" hits="280" branch="false"/>
						<line number="39" hits="280" branch="false"/>
					</lines>
				</class>
			</classes>
		</package>
	</packages>
</coverage>
